<?xml version="1.0" encoding="UTF-8"?>
<!-- Generated by org.testng.reporters.JUnitReportReporter -->
<testsuite hostname="LAPTOP-ODC9LKHR" failures="0" tests="3" name="Practice.Git2" time="0.013" errors="0" timestamp="2021-08-30T20:03:22 IST" skipped="0">
  <testcase classname="Practice.Git2" name="createOrgTestWithRatingTest" time="0.002"/>
  <system-out/>
  <testcase classname="Practice.Git2" name="createOrgWithIndustriesTest" time="0.002"/>
  <system-out/>
  <testcase classname="Practice.Git2" name="createOrgTest" time="0.009"/>
  <system-out/>
</testsuite> <!-- Practice.Git2 -->
